Library/Bee/Android/Prj/IL2CPP/Gradle/launcher/build/outputs/mapping/release/seeds.txt
com.unity3d.player.UnityPermissions: void requestUserPermissions(android.app.Activity,java.lang.String[],com.unity3d.player.IPermissionRequestCallbacks)
com.unity3d.player.UnityPlayer: boolean IsWindowTranslucent()
com.unity3d.player.UnityPlayer: void queueGLThreadEvent(com.unity3d.player.D0)
com.unity3d.player.PlayAssetDeliveryUnityWrapper: com.unity3d.player.PlayAssetDeliveryUnityWrapper init(android.content.Context)
com.unity3d.player.MultiWindowSupport: boolean isInMultiWindowMode(android.app.Activity)
com.unity3d.player.PlayAssetDeliveryUnityWrapper: void removeAssetPack(java.lang.String)
com.unity3d.player.ReflectionHelper: void endUnityLaunch()
com.google.androidgamesdk.SwappyDisplayManager: void terminate()
com.unity3d.player.i0: void a()
com.unity3d.player.UnityPlayer: void nativeHidePreservedContent()
org.fmod.FMODAudioDevice: int fmodProcessMicData(java.nio.ByteBuffer,int)
com.unity3d.player.Camera2Wrapper: boolean isCamera2FrontFacing(int)
com.unity3d.player.UnityPlayer: void nativeSetInputSelection(int,int)
com.unity3d.player.H0: boolean onKeyDown(int,android.view.KeyEvent)
com.unity3d.player.UnityPlayer: boolean injectEvent(android.view.InputEvent)
com.unity3d.player.UnityPlayer: void nativeSetInputString(java.lang.String)
com.unity3d.player.O: void a(java.lang.String,int,boolean,boolean,boolean,boolean,java.lang.String,int,boolean,boolean)
com.unity3d.player.r: android.hardware.camera2.CameraManager c(android.content.Context)
com.unity3d.player.o: o(com.unity3d.player.r)
com.unity3d.player.HFPStatus: void requestHFPStat()
com.unity3d.player.h: void onComplete(com.google.android.gms.tasks.Task)
com.unity3d.player.NetworkConnectivityNougat: void a()
com.unity3d.player.UnityPlayer: void setMainSurfaceViewAspectRatio(float)
com.unity3d.player.r: void b()
com.unity3d.player.E0: boolean a()
com.unity3d.player.H0: boolean canSeekForward()
com.unity3d.player.UnityPlayer: UnityPlayer(android.content.Context)
com.unity3d.player.N: N(android.content.Context,com.unity3d.player.F)
com.unity3d.player.Camera2Wrapper: void closeCamera2()
com.unity3d.player.UnityPlayer: void nativeRecreateGfxState(int,android.view.Surface)
com.unity3d.player.UnityPermissions: boolean skipPermissionsDialog(android.app.Activity)
com.google.androidgamesdk.SwappyDisplayManager: void onDisplayAdded(int)
com.unity3d.player.r: void a(android.hardware.camera2.CameraDevice)
com.unity3d.player.GoogleARCoreApi: GoogleARCoreApi()
com.unity3d.player.a: a(android.content.Context,com.unity3d.player.UnityPlayer)
com.unity3d.player.UnityCoreAssetPacksStatusCallbacks: void onStatusUpdate(java.lang.String,int,long,long,int,int)
com.unity3d.player.R$id: R$id()
com.unity3d.player.OrientationLockListener: void a()
com.unity3d.player.B: B(long,boolean)
com.unity3d.player.H0: H0(android.content.Context,java.lang.String,int,int,int,boolean,long,long,com.unity3d.player.F0)
com.unity3d.player.L: L(com.unity3d.player.O)
com.unity3d.player.H0: void onBufferingUpdate(android.media.MediaPlayer,int)
com.unity3d.player.UnityPlayer: void executeGLThreadJobs()
com.unity3d.player.Camera2Wrapper: Camera2Wrapper(android.content.Context)
com.unity3d.player.H0: void destroyPlayer()
com.unity3d.player.W: void run()
com.unity3d.player.UnityPlayer: boolean getLaunchFullscreen()
com.google.androidgamesdk.SwappyDisplayManager: void updateSupportedRefreshRates(android.view.Display)
com.unity3d.player.o: void onOpened(android.hardware.camera2.CameraDevice)
com.unity3d.player.GoogleARCoreApi: void pauseARCore()
com.google.androidgamesdk.SwappyDisplayManager: void nOnRefreshPeriodChanged(long,long,long,long)
com.unity3d.player.H0: boolean onTouchEvent(android.view.MotionEvent)
com.unity3d.player.UnityPlayer: void queueGLThreadEvent(java.lang.Runnable)
com.unity3d.player.Z: void run()
com.unity3d.player.Camera2Wrapper: int[] getCamera2Resolutions(int)
com.unity3d.player.Q: Q(android.os.Handler,com.unity3d.player.P)
com.unity3d.player.q0: void run()