Library/Bee/Android/Prj/IL2CPP/Gradle/launcher/build/outputs/mapping/release/mapping.txt
# compiler: R8
# compiler_version: 4.0.52
# min_api: 23
# common_typos_disable
# {"id":"com.android.tools.r8.mapping","version":"2.1"}
# pg_map_id: fbbfc6c
# pg_map_hash: SHA-256 fbbfc6cc2e5468bf8dba652719bae351424a5cf8ef5927e250bfaf1279e866df
...
com.unity3d.player.G0 -> com.unity3d.player.G0:
    void -$$Nest$fputb(com.unity3d.player.G0,boolean) -> a
      # {"id":"com.android.tools.r8.synthesized"}
com.unity3d.player.HFPStatus -> com.unity3d.player.HFPStatus:
    boolean -$$Nest$fgetc(com.unity3d.player.HFPStatus) -> a
      # {"id":"com.android.tools.r8.synthesized"}
    android.media.AudioManager -$$Nest$fgetd(com.unity3d.player.HFPStatus) -> b
      # {"id":"com.android.tools.r8.synthesized"}
    void -$$Nest$fputf(com.unity3d.player.HFPStatus,int) -> c
      # {"id":"com.android.tools.r8.synthesized"}
    void -$$Nest$ma(com.unity3d.player.HFPStatus) -> d
      # {"id":"com.android.tools.r8.synthesized"}
com.unity3d.player.MultiWindowSupport$$ExternalSyntheticApiModelOutline0 -> com.unity3d.player.c1:
# {"id":"sourceFile","fileName":"R8$$SyntheticClass"}
# {"id":"com.android.tools.r8.synthesized"}
    boolean com.unity3d.player.MultiWindowSupport$$InternalSyntheticApiModelOutline$1$9a81a94f341d90d3e5b43c52ebb178f91bb2a5fab6ce82488de68f35b94c27cb$0.m(android.app.Activity) -> a
      # {"id":"com.android.tools.r8.synthesized"}
com.unity3d.player.NetworkConnectivityNougat -> com.unity3d.player.NetworkConnectivityNougat:
    void -$$Nest$fputb(com.unity3d.player.NetworkConnectivityNougat,int) -> c
      # {"id":"com.android.tools.r8.synthesized"}
com.unity3d.player.NetworkConnectivityNougat$$ExternalSyntheticApiModelOutline0 -> com.unity3d.player.d1:
# {"id":"sourceFile","fileName":"R8$$SyntheticClass"}
# {"id":"com.android.tools.r8.synthesized"}
    void com.unity3d.player.NetworkConnectivityNougat$$InternalSyntheticApiModelOutline$1$d3a51847691a88f8f5467f6480bdef76152f07279801f631abf6388052ea4b73$0.m(android.net.ConnectivityManager,android.net.ConnectivityManager$NetworkCallback) -> a
      # {"id":"com.android.tools.r8.synthesized"}
com.unity3d.player.P0 -> com.unity3d.player.P0:
    com.unity3d.player.UnityPlayer -$$Nest$fgeta(com.unity3d.player.P0) -> a
      # {"id":"com.android.tools.r8.synthesized"}
    android.content.Context -$$Nest$fgetb(com.unity3d.player.P0) -> b
      # {"id":"com.android.tools.r8.synthesized"}
    com.unity3d.player.O0 -$$Nest$fgetc(com.unity3d.player.P0) -> c
      # {"id":"com.android.tools.r8.synthesized"}
    java.util.concurrent.Semaphore -$$Nest$fgetd(com.unity3d.player.P0) -> d
      # {"id":"com.android.tools.r8.synthesized"}
    java.util.concurrent.locks.ReentrantLock -$$Nest$fgete(com.unity3d.player.P0) -> e
      # {"id":"com.android.tools.r8.synthesized"}
    com.unity3d.player.H0 -$$Nest$fgetf(com.unity3d.player.P0) -> f
      # {"id":"com.android.tools.r8.synthesized"}
    boolean -$$Nest$fgeti(com.unity3d.player.P0) -> g
      # {"id":"com.android.tools.r8.synthesized"}
    void -$$Nest$fputf(com.unity3d.player.P0,com.unity3d.player.H0) -> h
      # {"id":"com.android.tools.r8.synthesized"}
    void -$$Nest$fputg(com.unity3d.player.P0,int) -> i
      # {"id":"com.android.tools.r8.synthesized"}
    void -$$Nest$fputi(com.unity3d.player.P0,boolean) -> j
      # {"id":"com.android.tools.r8.synthesized"}
com.unity3d.player.PermissionFragment -> com.unity3d.player.PermissionFragment:
    void -$$Nest$mreportAllDenied(com.unity3d.player.PermissionFragment,java.lang.String[]) -> a
      # {"id":"com.android.tools.r8.synthesized"}
com.unity3d.player.ReflectionHelper -> com.unity3d.player.ReflectionHelper:
    long -$$Nest$sfgetb() -> a
      # {"id":"com.android.tools.r8.synthesized"}
    void -$$Nest$smnativeProxyFinalize(long) -> b
      # {"id":"com.android.tools.r8.synthesized"}
    java.lang.Object -$$Nest$smnativeProxyInvoke(long,java.lang.String,java.lang.Object[]) -> c
      # {"id":"com.android.tools.r8.synthesized"}
    void -$$Nest$smnativeProxyJNIFreeGCHandle(long) -> d
      # {"id":"com.android.tools.r8.synthesized"}
    void -$$Nest$smnativeProxyLogJNIInvokeException(long) -> e
      # {"id":"com.android.tools.r8.synthesized"}