Library/Bee/Android/Prj/IL2CPP/Gradle/launcher/build/outputs/mapping/release/usage.txt
com.DefaultCompany.AndroidClassifier.BuildConfig
com.DefaultCompany.AndroidClassifier.R$color
com.DefaultCompany.AndroidClassifier.R$id
com.DefaultCompany.AndroidClassifier.R$mipmap
com.DefaultCompany.AndroidClassifier.R$string
com.DefaultCompany.AndroidClassifier.R$style
com.DefaultCompany.AndroidClassifier.R
...
ai.onnxruntime.BuildConfig
ai.onnxruntime.MapInfo
ai.onnxruntime.NodeInfo
ai.onnxruntime.OnnxJavaType$1
ai.onnxruntime.OnnxJavaType
ai.onnxruntime.OnnxMap$1
ai.onnxruntime.OnnxMap$OnnxMapValueType
ai.onnxruntime.OnnxMap
ai.onnxruntime.OnnxModelMetadata
ai.onnxruntime.OnnxRuntime
ai.onnxruntime.OnnxSequence$1
ai.onnxruntime.OnnxSequence
ai.onnxruntime.OnnxSparseTensor$1
ai.onnxruntime.OnnxSparseTensor$BlockSparseTensor
ai.onnxruntime.OnnxSparseTensor$COOTensor
ai.onnxruntime.OnnxSparseTensor$CSRCTensor
ai.onnxruntime.OnnxSparseTensor$SparseTensor
ai.onnxruntime.OnnxSparseTensor$SparseTensorType
ai.onnxruntime.OnnxSparseTensor
ai.onnxruntime.OnnxTensor$1
ai.onnxruntime.OnnxTensor
ai.onnxruntime.OnnxTensorLike
ai.onnxruntime.OnnxValue$OnnxValueType
ai.onnxruntime.OnnxValue
ai.onnxruntime.OrtAllocator
ai.onnxruntime.OrtEnvironment$OrtEnvCloser
ai.onnxruntime.OrtEnvironment$ThreadingOptions
ai.onnxruntime.OrtEnvironment
ai.onnxruntime.OrtException$OrtErrorCode
ai.onnxruntime.OrtException
ai.onnxruntime.OrtLoggingLevel
ai.onnxruntime.OrtLoraAdapter
ai.onnxruntime.OrtProvider
ai.onnxruntime.OrtProviderOptions$1
ai.onnxruntime.OrtProviderOptions$OrtProviderSupplier
ai.onnxruntime.OrtProviderOptions
ai.onnxruntime.OrtSession$Result
ai.onnxruntime.OrtSession$RunOptions
ai.onnxruntime.OrtSession$SessionOptions$ExecutionMode
ai.onnxruntime.OrtSession$SessionOptions$OptLevel
ai.onnxruntime.OrtSession$SessionOptions
ai.onnxruntime.OrtSession
ai.onnxruntime.OrtTrainingSession$OrtCheckpointState
ai.onnxruntime.OrtTrainingSession
ai.onnxruntime.OrtUtil$1
ai.onnxruntime.OrtUtil$BufferTuple
ai.onnxruntime.OrtUtil
ai.onnxruntime.R
ai.onnxruntime.SequenceInfo
ai.onnxruntime.TensorInfo$1
ai.onnxruntime.TensorInfo$OnnxTensorType
ai.onnxruntime.TensorInfo
ai.onnxruntime.ValueInfo
ai.onnxruntime.platform.Fp16Conversions
ai.onnxruntime.providers.CoreMLFlags
ai.onnxruntime.providers.NNAPIFlags
ai.onnxruntime.providers.OrtCUDAProviderOptions
ai.onnxruntime.providers.OrtFlags
ai.onnxruntime.providers.OrtTensorRTProviderOptions
ai.onnxruntime.providers.StringConfigProviderOptions